<?xml version="1.0" encoding="UTF-8"?>
<coverage generated="1690575164577" clover="3.2.0">
  <project timestamp="1690575164578" name="All files">
    <metrics statements="20" coveredstatements="5" conditionals="4" coveredconditionals="1" methods="7" coveredmethods="2" elements="31" coveredelements="8" complexity="0" loc="20" ncloc="20" packages="1" files="1" classes="1"/>
    <file name="int.js" path="D:\repos\To-Do-List\src\modules\int.js">
      <metrics statements="20" coveredstatements="5" conditionals="4" coveredconditionals="1" methods="7" coveredmethods="2"/>
      <line num="3" count="1" type="stmt"/>
      <line num="4" count="1" type="cond" truecount="1" falsecount="1"/>
      <line num="8" count="2" type="stmt"/>
      <line num="9" count="2" type="stmt"/>
      <line num="10" count="2" type="stmt"/>
      <line num="14" count="0" type="stmt"/>
      <line num="15" count="0" type="stmt"/>
      <line num="16" count="0" type="stmt"/>
      <line num="18" count="0" type="stmt"/>
      <line num="19" count="0" type="stmt"/>
      <line num="23" count="0" type="stmt"/>
      <line num="24" count="0" type="stmt"/>
      <line num="25" count="0" type="stmt"/>
      <line num="29" count="0" type="stmt"/>
      <line num="30" count="0" type="stmt"/>
      <line num="31" count="0" type="stmt"/>
      <line num="32" count="0" type="stmt"/>
      <line num="35" count="0" type="cond" truecount="0" falsecount="2"/>
      <line num="36" count="0" type="stmt"/>
      <line num="39" count="0" type="stmt"/>
    </file>
  </project>
</coverage>
